<?xml version="1.0" encoding="UTF-8"?>
<testng-results ignored="0" total="3" passed="3" failed="0" skipped="0">
  <reporter-output>
  </reporter-output>
  <suite started-at="2022-10-06T20:49:38 IST" name="Suite" finished-at="2022-10-06T20:51:25 IST" duration-ms="106778">
    <groups>
    </groups>
    <test started-at="2022-10-06T20:49:38 IST" name="Test" finished-at="2022-10-06T20:51:25 IST" duration-ms="106778">
      <class name="test.Setup_DockerGrid">
        <test-method is-config="true" signature="start()[pri:0, instance:test.Setup_DockerGrid@3c22fc4c]" started-at="2022-10-06T20:49:38 IST" name="start" finished-at="2022-10-06T20:50:38 IST" duration-ms="60023" status="PASS">
          <reporter-output>
          </reporter-output>
        </test-method> <!-- start -->
        <test-method is-config="true" signature="stop()[pri:0, instance:test.Setup_DockerGrid@3c22fc4c]" started-at="2022-10-06T20:50:55 IST" name="stop" finished-at="2022-10-06T20:51:25 IST" duration-ms="30018" status="PASS">
          <reporter-output>
          </reporter-output>
        </test-method> <!-- stop -->
      </class> <!-- test.Setup_DockerGrid -->
      <class name="test.One1">
        <test-method is-config="true" signature="start()[pri:0, instance:test.One1@6fe7aac8]" started-at="2022-10-06T20:50:39 IST" name="start" finished-at="2022-10-06T20:50:48 IST" duration-ms="9837" status="PASS">
          <reporter-output>
          </reporter-output>
        </test-method> <!-- start -->
        <test-method signature="one()[pri:0, instance:test.One1@6fe7aac8]" started-at="2022-10-06T20:50:48 IST" name="one" finished-at="2022-10-06T20:50:53 IST" duration-ms="4414" status="PASS">
          <reporter-output>
          </reporter-output>
        </test-method> <!-- one -->
        <test-method is-config="true" signature="stop()[pri:0, instance:test.One1@6fe7aac8]" started-at="2022-10-06T20:50:53 IST" name="stop" finished-at="2022-10-06T20:50:53 IST" duration-ms="384" status="PASS">
          <reporter-output>
          </reporter-output>
        </test-method> <!-- stop -->
      </class> <!-- test.One1 -->
      <class name="test.Three3">
        <test-method is-config="true" signature="start()[pri:0, instance:test.Three3@659a969b]" started-at="2022-10-06T20:50:39 IST" name="start" finished-at="2022-10-06T20:50:49 IST" duration-ms="10065" status="PASS">
          <reporter-output>
          </reporter-output>
        </test-method> <!-- start -->
        <test-method signature="three()[pri:0, instance:test.Three3@659a969b]" started-at="2022-10-06T20:50:49 IST" name="three" finished-at="2022-10-06T20:50:55 IST" duration-ms="6294" status="PASS">
          <reporter-output>
          </reporter-output>
        </test-method> <!-- three -->
        <test-method is-config="true" signature="stop()[pri:0, instance:test.Three3@659a969b]" started-at="2022-10-06T20:50:55 IST" name="stop" finished-at="2022-10-06T20:50:55 IST" duration-ms="206" status="PASS">
          <reporter-output>
          </reporter-output>
        </test-method> <!-- stop -->
      </class> <!-- test.Three3 -->
      <class name="test.Two2">
        <test-method is-config="true" signature="start()[pri:0, instance:test.Two2@1d119efb]" started-at="2022-10-06T20:50:39 IST" name="start" finished-at="2022-10-06T20:50:52 IST" duration-ms="13798" status="PASS">
          <reporter-output>
          </reporter-output>
        </test-method> <!-- start -->
        <test-method signature="two()[pri:0, instance:test.Two2@1d119efb]" started-at="2022-10-06T20:50:52 IST" name="two" finished-at="2022-10-06T20:50:54 IST" duration-ms="2006" status="PASS">
          <reporter-output>
          </reporter-output>
        </test-method> <!-- two -->
        <test-method is-config="true" signature="stop()[pri:0, instance:test.Two2@1d119efb]" started-at="2022-10-06T20:50:54 IST" name="stop" finished-at="2022-10-06T20:50:55 IST" duration-ms="889" status="PASS">
          <reporter-output>
          </reporter-output>
        </test-method> <!-- stop -->
      </class> <!-- test.Two2 -->
    </test> <!-- Test -->
  </suite> <!-- Suite -->
</testng-results>
