<?xml version="1.0" encoding="UTF-8"?>
<!-- Generated by org.testng.reporters.JUnitXMLReporter -->
<testsuite ignored="0" hostname="LAPTOP-75UKIH44" failures="0" tests="4" name="Test" time="73.905" errors="0" timestamp="2022-09-19T22:10:37 IST">
  <testcase classname="com.ibm.SC_Bank.Chrome3" name="m3" time="32.008"/>
  <testcase classname="com.ibm.SC_Bank.Chrome1" name="m1" time="35.148"/>
  <testcase classname="com.ibm.SC_Bank.Firefox" name="m5" time="37.381"/>
  <testcase classname="com.ibm.SC_Bank.Chrome2" name="m2" time="73.854"/>
</testsuite> <!-- Test -->
