<?xml version="1.0" encoding="UTF-8"?>
<testng-results ignored="0" total="4" passed="4" failed="0" skipped="0">
  <reporter-output>
  </reporter-output>
  <suite started-at="2022-09-19T22:09:23 IST" name="Suite" finished-at="2022-09-19T22:10:37 IST" duration-ms="73905">
    <groups>
    </groups>
    <test started-at="2022-09-19T22:09:23 IST" name="Test" finished-at="2022-09-19T22:10:37 IST" duration-ms="73905">
      <class name="com.ibm.SC_Bank.Firefox">
        <test-method signature="m5()[pri:0, instance:com.ibm.SC_Bank.Firefox@14dd9eb7]" started-at="2022-09-19T22:09:23 IST" name="m5" finished-at="2022-09-19T22:10:01 IST" duration-ms="37381" status="PASS">
          <reporter-output>
          </reporter-output>
        </test-method> <!-- m5 -->
      </class> <!-- com.ibm.SC_Bank.Firefox -->
      <class name="com.ibm.SC_Bank.Chrome1">
        <test-method signature="m1()[pri:0, instance:com.ibm.SC_Bank.Chrome1@795cd85e]" started-at="2022-09-19T22:09:23 IST" name="m1" finished-at="2022-09-19T22:09:58 IST" duration-ms="35148" status="PASS">
          <reporter-output>
          </reporter-output>
        </test-method> <!-- m1 -->
      </class> <!-- com.ibm.SC_Bank.Chrome1 -->
      <class name="com.ibm.SC_Bank.Chrome3">
        <test-method signature="m3()[pri:0, instance:com.ibm.SC_Bank.Chrome3@42e99e4a]" started-at="2022-09-19T22:09:23 IST" name="m3" finished-at="2022-09-19T22:09:55 IST" duration-ms="32008" status="PASS">
          <reporter-output>
          </reporter-output>
        </test-method> <!-- m3 -->
      </class> <!-- com.ibm.SC_Bank.Chrome3 -->
      <class name="com.ibm.SC_Bank.Chrome2">
        <test-method signature="m2()[pri:0, instance:com.ibm.SC_Bank.Chrome2@4d9e68d0]" started-at="2022-09-19T22:09:23 IST" name="m2" finished-at="2022-09-19T22:10:37 IST" duration-ms="73854" status="PASS">
          <reporter-output>
          </reporter-output>
        </test-method> <!-- m2 -->
      </class> <!-- com.ibm.SC_Bank.Chrome2 -->
    </test> <!-- Test -->
  </suite> <!-- Suite -->
</testng-results>
