<?xml version="1.0" encoding="UTF-8"?>
<testng-results ignored="0" total="3" passed="3" failed="0" skipped="0">
  <reporter-output>
  </reporter-output>
  <suite started-at="2022-10-03T20:04:03 IST" name="Suite" finished-at="2022-10-03T20:05:52 IST" duration-ms="109301">
    <groups>
    </groups>
    <test started-at="2022-10-03T20:04:03 IST" name="Test" finished-at="2022-10-03T20:05:52 IST" duration-ms="109301">
      <class name="test.Setup_DockerGrid">
        <test-method is-config="true" signature="start()[pri:0, instance:test.Setup_DockerGrid@5119fb47]" started-at="2022-10-03T20:04:03 IST" name="start" finished-at="2022-10-03T20:05:03 IST" duration-ms="60040" status="PASS">
          <reporter-output>
          </reporter-output>
        </test-method> <!-- start -->
        <test-method is-config="true" signature="stop()[pri:0, instance:test.Setup_DockerGrid@5119fb47]" started-at="2022-10-03T20:05:22 IST" name="stop" finished-at="2022-10-03T20:05:52 IST" duration-ms="30033" status="PASS">
          <reporter-output>
          </reporter-output>
        </test-method> <!-- stop -->
      </class> <!-- test.Setup_DockerGrid -->
      <class name="test.One1">
        <test-method is-config="true" signature="start()[pri:0, instance:test.One1@6e171cd7]" started-at="2022-10-03T20:05:03 IST" name="start" finished-at="2022-10-03T20:05:12 IST" duration-ms="9709" status="PASS">
          <reporter-output>
          </reporter-output>
        </test-method> <!-- start -->
        <test-method signature="one()[pri:0, instance:test.One1@6e171cd7]" started-at="2022-10-03T20:05:12 IST" name="one" finished-at="2022-10-03T20:05:18 IST" duration-ms="5905" status="PASS">
          <reporter-output>
          </reporter-output>
        </test-method> <!-- one -->
        <test-method is-config="true" signature="stop()[pri:0, instance:test.One1@6e171cd7]" started-at="2022-10-03T20:05:18 IST" name="stop" finished-at="2022-10-03T20:05:19 IST" duration-ms="284" status="PASS">
          <reporter-output>
          </reporter-output>
        </test-method> <!-- stop -->
      </class> <!-- test.One1 -->
      <class name="test.Three3">
        <test-method is-config="true" signature="start()[pri:0, instance:test.Three3@795cd85e]" started-at="2022-10-03T20:05:03 IST" name="start" finished-at="2022-10-03T20:05:12 IST" duration-ms="9709" status="PASS">
          <reporter-output>
          </reporter-output>
        </test-method> <!-- start -->
        <test-method signature="three()[pri:0, instance:test.Three3@795cd85e]" started-at="2022-10-03T20:05:12 IST" name="three" finished-at="2022-10-03T20:05:21 IST" duration-ms="8561" status="PASS">
          <reporter-output>
          </reporter-output>
        </test-method> <!-- three -->
        <test-method is-config="true" signature="stop()[pri:0, instance:test.Three3@795cd85e]" started-at="2022-10-03T20:05:21 IST" name="stop" finished-at="2022-10-03T20:05:21 IST" duration-ms="201" status="PASS">
          <reporter-output>
          </reporter-output>
        </test-method> <!-- stop -->
      </class> <!-- test.Three3 -->
      <class name="test.Two2">
        <test-method is-config="true" signature="start()[pri:0, instance:test.Two2@402bba4f]" started-at="2022-10-03T20:05:03 IST" name="start" finished-at="2022-10-03T20:05:19 IST" duration-ms="16170" status="PASS">
          <reporter-output>
          </reporter-output>
        </test-method> <!-- start -->
        <test-method signature="two()[pri:0, instance:test.Two2@402bba4f]" started-at="2022-10-03T20:05:19 IST" name="two" finished-at="2022-10-03T20:05:21 IST" duration-ms="2282" status="PASS">
          <reporter-output>
          </reporter-output>
        </test-method> <!-- two -->
        <test-method is-config="true" signature="stop()[pri:0, instance:test.Two2@402bba4f]" started-at="2022-10-03T20:05:21 IST" name="stop" finished-at="2022-10-03T20:05:22 IST" duration-ms="729" status="PASS">
          <reporter-output>
          </reporter-output>
        </test-method> <!-- stop -->
      </class> <!-- test.Two2 -->
    </test> <!-- Test -->
  </suite> <!-- Suite -->
</testng-results>
