<?xml version="1.0" encoding="UTF-8"?>
<testng-results ignored="0" total="2" passed="2" failed="0" skipped="0">
  <reporter-output>
  </reporter-output>
  <suite started-at="2022-09-19T16:01:57 IST" name="Suite" finished-at="2022-09-19T16:02:42 IST" duration-ms="44721">
    <groups>
    </groups>
    <test started-at="2022-09-19T16:01:57 IST" name="Test" finished-at="2022-09-19T16:02:42 IST" duration-ms="44721">
      <class name="com.ibm.SC_Bank.Login_Test">
        <test-method signature="m1()[pri:0, instance:com.ibm.SC_Bank.Login_Test@15eb5ee5]" started-at="2022-09-19T16:01:57 IST" name="m1" finished-at="2022-09-19T16:02:20 IST" duration-ms="22890" status="PASS">
          <reporter-output>
          </reporter-output>
        </test-method> <!-- m1 -->
        <test-method signature="m2()[pri:0, instance:com.ibm.SC_Bank.Login_Test@15eb5ee5]" started-at="2022-09-19T16:02:20 IST" name="m2" finished-at="2022-09-19T16:02:42 IST" duration-ms="21813" status="PASS">
          <reporter-output>
          </reporter-output>
        </test-method> <!-- m2 -->
      </class> <!-- com.ibm.SC_Bank.Login_Test -->
    </test> <!-- Test -->
  </suite> <!-- Suite -->
</testng-results>
